SF:lib/core/utils/ByteUtils.dart
DA:12,0
DA:17,1
DA:18,1
DA:19,3
DA:20,1
DA:25,2
DA:26,2
DA:27,2
DA:28,1
DA:30,6
DA:31,1
DA:33,6
DA:34,6
DA:35,10
DA:41,2
DA:42,6
DA:43,6
DA:44,6
DA:50,0
DA:51,0
DA:52,0
DA:53,0
DA:54,0
DA:55,0
DA:61,1
DA:62,5
DA:66,1
DA:67,1
DA:69,2
DA:70,2
DA:71,1
DA:77,0
DA:78,0
DA:79,0
DA:80,0
DA:86,1
DA:87,1
DA:88,1
DA:89,1
DA:91,2
DA:92,4
DA:93,1
DA:96,1
DA:97,1
DA:98,3
DA:99,1
DA:102,0
DA:107,2
DA:108,4
DA:109,4
DA:110,4
DA:111,6
DA:112,8
DA:113,10
DA:115,2
DA:119,0
DA:121,0
DA:122,0
DA:123,0
DA:124,0
DA:126,0
DA:128,0
DA:132,1
DA:133,2
DA:134,1
DA:135,1
DA:136,4
DA:137,1
DA:138,5
DA:139,4
DA:145,1
DA:146,2
DA:150,1
DA:151,3
DA:152,3
DA:153,3
LF:76
LH:57
end_of_record
SF:lib/core/hasher/MochimoHasher.dart
DA:19,10
DA:20,15
DA:23,5
DA:25,5
DA:26,4
DA:27,1
DA:28,1
DA:29,1
DA:30,1
DA:32,0
DA:39,5
DA:40,5
DA:41,15
DA:42,0
DA:44,20
DA:45,0
DA:48,10
DA:49,10
DA:50,10
DA:52,10
DA:58,5
DA:59,10
DA:60,15
DA:61,15
DA:62,10
DA:63,10
DA:64,10
DA:71,1
DA:72,1
DA:74,0
DA:76,1
DA:78,1
DA:81,1
DA:82,1
DA:83,1
DA:84,1
LF:36
LH:32
end_of_record
SF:lib/core/model/ByteBuffer.dart
DA:19,4
DA:20,8
DA:26,2
DA:27,2
DA:33,3
DA:34,6
DA:35,6
DA:42,3
DA:43,3
DA:50,4
DA:52,1
DA:54,16
DA:55,4
DA:57,4
DA:64,4
DA:65,8
DA:71,1
DA:72,1
DA:73,4
DA:74,0
DA:76,5
DA:80,1
DA:82,1
DA:84,3
DA:85,0
DA:87,4
DA:88,0
DA:90,5
DA:91,1
DA:94,5
DA:95,2
DA:99,0
DA:105,4
DA:106,20
DA:107,1
DA:110,8
DA:111,12
DA:112,12
DA:113,12
DA:114,10
DA:116,15
DA:117,18
DA:118,18
DA:119,18
DA:128,1
DA:130,6
DA:131,1
DA:135,3
DA:136,5
DA:144,4
DA:145,16
DA:146,1
DA:148,16
DA:154,3
DA:155,6
DA:161,1
DA:162,1
LF:57
LH:53
end_of_record
SF:lib/core/protocol/WotsAddress.dart
DA:23,3
DA:24,6
DA:25,6
DA:31,3
DA:32,6
DA:33,6
DA:34,6
DA:40,1
DA:41,2
DA:47,1
DA:48,3
DA:53,1
DA:54,2
DA:58,1
DA:59,2
DA:66,1
DA:67,4
DA:73,1
DA:75,2
DA:76,0
DA:78,3
DA:79,3
DA:83,1
DA:84,1
DA:88,3
DA:89,3
DA:90,6
DA:92,9
DA:101,3
DA:102,3
DA:104,6
DA:105,1
DA:108,2
DA:109,2
DA:111,6
DA:113,2
DA:114,2
DA:115,9
DA:117,2
DA:118,2
DA:119,2
DA:128,1
DA:129,1
DA:130,2
DA:131,1
DA:133,1
DA:140,1
DA:141,1
DA:143,2
DA:145,1
DA:146,2
DA:147,5
DA:156,1
DA:158,1
DA:161,1
DA:167,1
DA:168,2
DA:171,2
DA:172,1
LF:59
LH:58
end_of_record
SF:lib/core/protocol/WotsHash.dart
DA:17,0
DA:26,3
DA:27,3
DA:28,3
DA:38,3
DA:39,3
DA:40,3
DA:50,3
DA:51,3
DA:52,3
DA:65,3
DA:66,3
DA:67,6
DA:71,9
DA:72,3
DA:73,3
DA:74,3
DA:75,3
DA:78,3
DA:79,6
DA:80,6
DA:81,6
DA:97,3
DA:99,3
DA:102,3
DA:103,3
DA:104,3
DA:107,3
DA:110,3
DA:113,3
DA:114,3
DA:115,3
DA:116,3
DA:133,3
DA:142,3
DA:145,3
DA:146,3
DA:147,3
DA:150,3
DA:151,3
DA:152,3
DA:155,3
DA:156,3
DA:157,3
DA:158,3
DA:161,6
DA:162,18
DA:166,3
DA:167,3
DA:168,3
DA:169,3
LF:51
LH:50
end_of_record
SF:lib/core/protocol/Tags.dart
DA:11,0
DA:21,1
DA:22,2
DA:23,3
DA:26,3
DA:35,1
DA:36,2
DA:40,3
DA:50,3
DA:51,6
DA:67,3
DA:69,3
DA:70,0
DA:73,6
DA:74,0
DA:77,6
DA:78,0
DA:82,3
DA:84,3
LF:19
LH:15
end_of_record
SF:lib/core/protocol/Wots.dart
DA:22,2
DA:33,4
DA:36,2
DA:37,6
DA:38,2
DA:41,8
DA:42,2
DA:43,2
DA:48,2
DA:49,4
DA:50,2
DA:51,6
DA:52,4
DA:57,0
DA:58,0
DA:62,2
DA:73,4
DA:74,2
DA:75,4
DA:76,2
DA:78,2
DA:79,10
DA:80,2
DA:87,2
DA:91,4
DA:92,8
DA:96,2
DA:99,2
DA:100,6
DA:101,4
DA:103,6
DA:107,2
DA:108,2
DA:109,2
DA:113,2
DA:121,2
DA:124,2
DA:125,6
DA:126,2
DA:129,4
DA:130,2
DA:131,12
DA:136,2
DA:144,2
DA:147,2
DA:150,2
DA:153,2
DA:154,6
DA:155,2
DA:158,4
DA:159,2
DA:160,12
DA:165,2
DA:171,2
DA:172,2
DA:175,2
DA:176,2
DA:177,6
DA:178,2
DA:181,2
DA:184,4
DA:185,2
DA:186,16
DA:194,1
DA:200,2
DA:201,0
DA:203,2
DA:204,0
DA:207,1
DA:208,1
DA:210,4
DA:212,1
DA:213,1
DA:214,3
DA:215,3
DA:218,1
DA:221,1
DA:222,1
DA:229,2
DA:236,4
DA:237,0
DA:239,4
DA:240,0
DA:242,4
DA:243,0
DA:245,4
DA:246,0
DA:250,2
DA:251,2
DA:254,2
DA:255,2
DA:258,2
DA:261,2
DA:265,2
DA:272,4
DA:273,0
DA:275,4
DA:276,1
DA:278,4
DA:279,0
DA:281,4
DA:282,0
DA:284,2
DA:285,0
DA:289,2
DA:290,2
DA:291,4
DA:295,1
DA:300,2
DA:305,2
DA:306,2
DA:307,2
DA:309,2
DA:310,2
DA:315,1
DA:320,2
DA:321,1
DA:323,2
DA:324,1
DA:327,1
DA:328,1
DA:331,1
DA:334,1
DA:337,3
DA:340,1
DA:343,1
DA:346,2
DA:347,1
DA:348,1
DA:356,2
DA:357,6
DA:358,5
DA:359,6
DA:366,1
DA:367,1
DA:368,3
DA:369,2
LF:137
LH:125
end_of_record
SF:lib/core/protocol/WotsWallet.dart
DA:17,0
DA:23,0
DA:24,0
DA:26,0
DA:27,0
DA:31,0
DA:32,0
DA:33,0
DA:34,0
DA:36,0
DA:37,0
DA:41,0
DA:43,0
DA:45,0
DA:47,0
DA:48,0
DA:50,0
DA:51,0
DA:53,0
DA:54,0
DA:56,0
DA:57,0
DA:59,0
DA:60,0
DA:62,0
DA:64,0
DA:66,0
DA:67,0
DA:69,0
DA:71,0
DA:73,0
DA:75,0
DA:76,0
DA:77,0
DA:79,0
DA:81,0
DA:82,0
DA:84,0
DA:85,0
DA:87,0
DA:88,0
DA:89,0
DA:90,0
DA:91,0
DA:95,0
DA:96,0
DA:97,0
DA:99,0
DA:100,0
DA:101,0
DA:102,0
DA:104,0
DA:105,0
DA:108,1
DA:110,3
DA:111,2
DA:112,5
DA:114,3
DA:115,2
DA:116,5
DA:118,3
DA:119,2
DA:120,5
DA:122,1
DA:123,1
DA:124,1
DA:126,1
DA:133,0
DA:134,0
DA:135,0
DA:136,0
DA:137,0
DA:138,0
DA:139,0
DA:142,0
DA:144,0
DA:145,0
DA:146,0
DA:147,0
DA:152,1
DA:153,2
DA:154,0
DA:160,2
DA:163,0
DA:165,1
DA:166,1
DA:167,2
DA:168,3
DA:169,1
DA:173,0
DA:174,0
DA:176,0
DA:177,0
DA:178,0
DA:180,0
DA:183,0
DA:184,0
DA:185,0
DA:186,0
DA:187,0
DA:188,0
DA:189,0
DA:190,0
LF:103
LH:22
end_of_record
SF:lib/core/utils/TagUtils.dart
DA:9,0
DA:12,3
DA:14,1
DA:16,2
DA:17,3
DA:20,1
DA:21,1
DA:22,1
DA:25,2
DA:26,3
DA:28,2
DA:32,1
DA:34,2
DA:35,2
DA:38,4
DA:41,2
DA:43,1
DA:50,1
DA:51,1
DA:52,1
DA:54,2
DA:55,2
DA:56,3
DA:58,2
LF:24
LH:23
end_of_record
SF:lib/core/utils/CRC16.dart
DA:5,0
DA:44,1
DA:45,1
DA:46,0
DA:48,1
DA:49,0
DA:51,3
DA:52,0
DA:57,3
DA:58,2
DA:59,3
DA:60,4
LF:12
LH:8
end_of_record
